(---------------------------------------------------------------------)
(                                                                     )
(    NC DRILL Log                                                     )
(                                                                     )
(    Drawing          : #Taaaaem13693.tmp                             )
(    Software Version : 16.6S006                                      )
(    Date/Time        : Mon Jul 27 11:23:36 2015                      )
(                                                                     )
(---------------------------------------------------------------------)



 Processing NC Parameters file 'nc_param.txt' ...

 NC PARAMETERS
 -------------

 FORMAT   		2.5
 MACHINE-OFFSET		x:0.000000	y:0.000000
 FEEDRATE		1
 COORDINATES		ABSOLUTE
 OUTPUT-UNITS		ENGLISH
 TOOL-ORDER		INCREASING
 REPEAT-CODES		YES
 SUPPRESS-LEAD-ZEROES	NO
 SUPPRESS-TRAIL-ZEROES	NO
 SUPPRESS-EQUAL		NO
 TOOL-SELECT		YES
 HEADER			none
 LEADER			12
 CODE			ASCII
 SEPARATE		YES
 SEPARATE-ROUTING	NO
 OPTIMIZE_DRILLING	YES
 ENHANCED_EXCELLON	NO
 SCALE			1.000000

 WARNING(SPMHMF-358): Design precision is the same as that of the drill output file data.
 WARNING(SPMHMF-359): Data rounding errors may still be possible.
 WARNING(SPMHMF-368): Cannot find NC Drill tool file 'nc_tools.txt'
 WARNING(SPMHMF-369): ... will auto-generate tool file 'nc_tools_auto.txt'.


     Auto-generating tool file 'nc_tools_auto.txt' ...

           Size  Plating  Tool        + Tolerance  - Tolerance

          10.00  P        T01            3.000000     3.000000
          15.00  P        T02            3.000000     3.000000
          18.00  P        T03            3.000000     3.000000
          25.00  P        T04            3.000000     3.000000
          64.00  P        T05            3.000000     3.000000
          70.00  P        T06            3.000000     3.000000


Drill files being output to directory '/n/homeserver2/user2a/ajjarapu/allegro_project/worklib/test070615/physical' ...



     'newBoardCircle_squarechug_viadone_139in-3-4.drl' created for holes connecting 03_SIG and BOTTOM ; Plating = PLATED
     -------------------------------------------------------------------------------------------------------------------

     Tool  Num     Size      +/- Tolerance     Plating   Quantity

     T02    1.  15.0000    3.0000/  3.0000      PLATED         12

     ---- Total holes:                                         12

     ---- Total head travel:              0.86 feet (0.26 meters)




     'newBoardCircle_squarechug_viadone_139in-1-4.drl' created for holes connecting TOP and BOTTOM ; Plating = PLATED
     ----------------------------------------------------------------------------------------------------------------

     Tool  Num     Size      +/- Tolerance     Plating   Quantity

     T01    1.  10.0000    3.0000/  3.0000      PLATED         84
     T03    2.  18.0000    3.0000/  3.0000      PLATED        685
     T04    3.  25.0000    3.0000/  3.0000      PLATED         24
     T05    4.  64.0000    3.0000/  3.0000      PLATED         24
     T06    5.  70.0000    3.0000/  3.0000      PLATED         12

     ---- Total holes:                                        829

     ---- Total head travel:              9.91 feet (3.02 meters)

